<?xml version="1.0" encoding="UTF-8"?>
<testng-results skipped="0" failed="0" ignored="0" total="4" passed="4">
  <reporter-output>
  </reporter-output>
  <suite name="Default suite" duration-ms="87" started-at="2020-04-26T14:46:39 IST" finished-at="2020-04-26T14:46:39 IST">
    <groups>
      <group name="software company">
        <method signature="Software_Company.infosys()[pri:0, instance:com.pkj.study.TestNGDemos.Software_Company@1ef968d]" name="infosys" class="com.pkj.study.TestNGDemos.Software_Company"/>
        <method signature="Software_Company.wipro()[pri:0, instance:com.pkj.study.TestNGDemos.Software_Company@1ef968d]" name="wipro" class="com.pkj.study.TestNGDemos.Software_Company"/>
      </group> <!-- software company -->
    </groups>
    <test name="Default test" duration-ms="87" started-at="2020-04-26T14:46:39 IST" finished-at="2020-04-26T14:46:39 IST">
      <class name="com.pkj.study.TestNGDemos.Software_Company">
        <test-method status="PASS" signature="m1()[pri:0, instance:com.pkj.study.TestNGDemos.Software_Company@1ef968d]" name="m1" is-config="true" duration-ms="10" started-at="2020-04-26T14:46:39 IST" finished-at="2020-04-26T14:46:39 IST">
          <reporter-output>
          </reporter-output>
        </test-method> <!-- m1 -->
        <test-method status="PASS" signature="m3()[pri:0, instance:com.pkj.study.TestNGDemos.Software_Company@1ef968d]" name="m3" duration-ms="14" started-at="2020-04-26T14:46:39 IST" finished-at="2020-04-26T14:46:39 IST">
          <reporter-output>
          </reporter-output>
        </test-method> <!-- m3 -->
        <test-method status="PASS" signature="infosys()[pri:0, instance:com.pkj.study.TestNGDemos.Software_Company@1ef968d]" name="infosys" duration-ms="2" started-at="2020-04-26T14:46:39 IST" finished-at="2020-04-26T14:46:39 IST">
          <reporter-output>
          </reporter-output>
        </test-method> <!-- infosys -->
        <test-method status="PASS" signature="technip()[pri:0, instance:com.pkj.study.TestNGDemos.Software_Company@1ef968d]" name="technip" duration-ms="2" started-at="2020-04-26T14:46:39 IST" finished-at="2020-04-26T14:46:39 IST">
          <reporter-output>
          </reporter-output>
        </test-method> <!-- technip -->
        <test-method status="PASS" signature="wipro()[pri:0, instance:com.pkj.study.TestNGDemos.Software_Company@1ef968d]" name="wipro" duration-ms="2" started-at="2020-04-26T14:46:39 IST" finished-at="2020-04-26T14:46:39 IST">
          <reporter-output>
          </reporter-output>
        </test-method> <!-- wipro -->
        <test-method status="PASS" signature="m2()[pri:0, instance:com.pkj.study.TestNGDemos.Software_Company@1ef968d]" name="m2" is-config="true" duration-ms="0" started-at="2020-04-26T14:46:40 IST" finished-at="2020-04-26T14:46:40 IST">
          <reporter-output>
          </reporter-output>
        </test-method> <!-- m2 -->
      </class> <!-- com.pkj.study.TestNGDemos.Software_Company -->
    </test> <!-- Default test -->
  </suite> <!-- Default suite -->
</testng-results>
