<?xml version="1.0" encoding="UTF-8"?>
<!-- Generated by org.testng.reporters.JUnitXMLReporter -->
<testsuite hostname="DESKTOP-28T382F" ignored="1" name="Software company" tests="2" failures="0" timestamp="2020-04-19T12:33:13 IST" time="0.07" errors="0">
  <testcase name="infosys" time="0.009" classname="com.pkj.study.TestNGDemos.Software_Company"/>
  <testcase name="wipro" time="0.0" classname="com.pkj.study.TestNGDemos.Software_Company"/>
  <testcase name="technip" time="0.0" classname="com.pkj.study.TestNGDemos.Software_Company">
    <ignored/>
  </testcase> <!-- technip -->
</testsuite> <!-- Software company -->
