<?xml version="1.0" encoding="UTF-8"?>
<!-- Generated by org.testng.reporters.JUnitXMLReporter -->
<testsuite hostname="DESKTOP-28T382F" ignored="8" name="Test" tests="7" failures="0" timestamp="2020-04-18T19:47:28 IST" time="0.071" errors="0">
  <testcase name="MobileLoginCarLoan" time="0.007" classname="com.pkj.study.TestNGDemos.TestUsingRegexInclude"/>
  <testcase name="MobileLoginHomeLoan" time="0.004" classname="com.pkj.study.TestNGDemos.TestUsingRegexInclude"/>
  <testcase name="MobileLoginPersonalLoan" time="0.001" classname="com.pkj.study.TestNGDemos.TestUsingRegexInclude"/>
  <testcase name="owner_name" time="0.001" classname="com.pkj.study.TestNGDemos.TestUsingRegexExclude"/>
  <testcase name="m1" time="0.001" classname="com.pkj.study.TestNGDemos.test1"/>
  <testcase name="m2" time="0.001" classname="com.pkj.study.TestNGDemos.test2"/>
  <testcase name="m3" time="0.001" classname="com.pkj.study.TestNGDemos.test2"/>
  <testcase name="employeeid" time="0.0" classname="com.pkj.study.TestNGDemos.TestUsingRegexExclude">
    <ignored/>
  </testcase> <!-- employeeid -->
  <testcase name="m1" time="0.0" classname="com.pkj.study.TestNGDemos.test2">
    <ignored/>
  </testcase> <!-- m1 -->
  <testcase name="LoginAPICarLoan" time="0.0" classname="com.pkj.study.TestNGDemos.TestUsingRegexInclude">
    <ignored/>
  </testcase> <!-- LoginAPICarLoan -->
  <testcase name="m2" time="0.0" classname="com.pkj.study.TestNGDemos.test1">
    <ignored/>
  </testcase> <!-- m2 -->
  <testcase name="m3" time="0.0" classname="com.pkj.study.TestNGDemos.test1">
    <ignored/>
  </testcase> <!-- m3 -->
  <testcase name="employee_address" time="0.0" classname="com.pkj.study.TestNGDemos.TestUsingRegexExclude">
    <ignored/>
  </testcase> <!-- employee_address -->
  <testcase name="employee_name" time="0.0" classname="com.pkj.study.TestNGDemos.TestUsingRegexExclude">
    <ignored/>
  </testcase> <!-- employee_name -->
  <testcase name="WebLoginCarLoan" time="0.0" classname="com.pkj.study.TestNGDemos.TestUsingRegexInclude">
    <ignored/>
  </testcase> <!-- WebLoginCarLoan -->
</testsuite> <!-- Test -->
