<?xml version="1.0" encoding="UTF-8"?>
<!-- Generated by org.testng.reporters.JUnitXMLReporter -->
<testsuite hostname="DESKTOP-28T382F" ignored="3" tests="0" failures="0" timestamp="2020-04-26T14:41:41 IST" time="0.012" errors="0">
  <testcase name="infosys" time="0.0" classname="com.pkj.study.TestNGDemos.Software_Company">
    <ignored/>
  </testcase> <!-- infosys -->
  <testcase name="technip" time="0.0" classname="com.pkj.study.TestNGDemos.Software_Company">
    <ignored/>
  </testcase> <!-- technip -->
  <testcase name="wipro" time="0.0" classname="com.pkj.study.TestNGDemos.Software_Company">
    <ignored/>
  </testcase> <!-- wipro -->
</testsuite>
