<?xml version="1.0" encoding="UTF-8"?>
<!-- Generated by org.testng.reporters.JUnitXMLReporter -->
<testsuite hostname="DESKTOP-28T382F" ignored="0" name="Default test" tests="4" failures="0" timestamp="2020-04-26T14:46:39 IST" time="0.087" errors="0">
  <testcase name="m3" time="0.014" classname="com.pkj.study.TestNGDemos.BaseClass"/>
  <testcase name="infosys" time="0.002" classname="com.pkj.study.TestNGDemos.Software_Company"/>
  <testcase name="technip" time="0.002" classname="com.pkj.study.TestNGDemos.Software_Company"/>
  <testcase name="wipro" time="0.002" classname="com.pkj.study.TestNGDemos.Software_Company"/>
</testsuite> <!-- Default test -->
